<?xml version="1.0" encoding="UTF-8"?>
<!-- Generated by org.testng.reporters.JUnitReportReporter -->
<testsuite skipped="0" hostname="BHAVANA" name="com.durgasoft.selenium.Selenium_Maven.Jquery_Resizable" tests="1" failures="0" timestamp="25 Jul 2018 11:13:31 GMT" time="0.588" errors="0">
  <testcase name="f" time="0.588" classname="com.durgasoft.selenium.Selenium_Maven.Jquery_Resizable"/>
</testsuite> <!-- com.durgasoft.selenium.Selenium_Maven.Jquery_Resizable -->
