<?xml version="1.0" encoding="UTF-8"?>
<!-- Generated by org.testng.reporters.JUnitReportReporter -->
<testsuite skipped="0" hostname="BHAVANA" name="com.testNG.ecommerce.Hybrid.TC001_HMS" tests="1" failures="0" timestamp="26 Jun 2018 09:02:07 GMT" time="5.605" errors="0">
  <testcase name="TC002" time="5.605" classname="com.testNG.ecommerce.Hybrid.TC001_HMS"/>
</testsuite> <!-- com.testNG.ecommerce.Hybrid.TC001_HMS -->
