<?xml version="1.0" encoding="UTF-8"?>
<!-- Generated by org.testng.reporters.JUnitReportReporter -->
<testsuite skipped="0" hostname="BHAVANA" name="com.durgasoft.selenium.Selenium_Maven.Jquery_Slider" tests="1" failures="0" timestamp="26 Jul 2018 09:31:26 GMT" time="0.718" errors="0">
  <testcase name="f" time="0.718" classname="com.durgasoft.selenium.Selenium_Maven.Jquery_Slider"/>
</testsuite> <!-- com.durgasoft.selenium.Selenium_Maven.Jquery_Slider -->
