<?xml version="1.0" encoding="UTF-8"?>
<!-- Generated by org.testng.reporters.JUnitReportReporter -->
<testsuite skipped="0" hostname="BHAVANA" name="com.durgasoft.selenium.Selenium_Maven.rediffmail" tests="1" failures="0" timestamp="20 Jul 2018 13:11:23 GMT" time="10.576" errors="0">
  <testcase name="f" time="10.576" classname="com.durgasoft.selenium.Selenium_Maven.rediffmail"/>
</testsuite> <!-- com.durgasoft.selenium.Selenium_Maven.rediffmail -->
