<?xml version="1.0" encoding="UTF-8"?>
<!-- Generated by org.testng.reporters.JUnitReportReporter -->
<testsuite skipped="0" hostname="BHAVANA" name="com.durgasoft.selenium.Selenium_Maven.Dropdown_Enadupellipandiri1" tests="1" failures="0" timestamp="23 Jul 2018 11:11:20 GMT" time="1.696" errors="0">
  <testcase name="f" time="1.696" classname="com.durgasoft.selenium.Selenium_Maven.Dropdown_Enadupellipandiri1"/>
</testsuite> <!-- com.durgasoft.selenium.Selenium_Maven.Dropdown_Enadupellipandiri1 -->
