<?xml version="1.0" encoding="UTF-8"?>
<!-- Generated by org.testng.reporters.JUnitReportReporter -->
<testsuite skipped="0" hostname="BHAVANA" name="com.durgasoft.selenium.Selenium_Maven.BootstrapCheckboxEcho" tests="1" failures="0" timestamp="23 Jul 2018 14:22:04 GMT" time="0.125" errors="0">
  <testcase name="f" time="0.125" classname="com.durgasoft.selenium.Selenium_Maven.BootstrapCheckboxEcho"/>
</testsuite> <!-- com.durgasoft.selenium.Selenium_Maven.BootstrapCheckboxEcho -->
