<?xml version="1.0" encoding="UTF-8"?>
<!-- Generated by org.testng.reporters.JUnitReportReporter -->
<testsuite skipped="0" hostname="BHAVANA" name="com.durgasoft.selenium.Selenium_Maven.Linktest1" tests="1" failures="0" timestamp="08 Jul 2018 11:44:42 GMT" time="18.232" errors="0">
  <testcase name="f" time="18.232" classname="com.durgasoft.selenium.Selenium_Maven.Linktest1"/>
</testsuite> <!-- com.durgasoft.selenium.Selenium_Maven.Linktest1 -->
