<?xml version="1.0" encoding="UTF-8"?>
<!-- Generated by org.testng.reporters.JUnitReportReporter -->
<testsuite skipped="0" hostname="BHAVANA" name="com.durgasoft.selenium.Selenium_Maven.Radiobutton_multiplevalues" tests="1" failures="0" timestamp="24 Jul 2018 14:12:42 GMT" time="3.810" errors="0">
  <testcase name="f" time="3.810" classname="com.durgasoft.selenium.Selenium_Maven.Radiobutton_multiplevalues"/>
</testsuite> <!-- com.durgasoft.selenium.Selenium_Maven.Radiobutton_multiplevalues -->
