<?xml version="1.0" encoding="UTF-8"?>
<!-- Generated by org.testng.reporters.JUnitReportReporter -->
<testsuite skipped="0" hostname="BHAVANA" name="apachiPoi.ReadDataFromExcelFile" tests="1" failures="0" timestamp="08 Aug 2018 10:25:45 GMT" time="1.551" errors="0">
  <testcase name="f" time="1.551" classname="apachiPoi.ReadDataFromExcelFile"/>
</testsuite> <!-- apachiPoi.ReadDataFromExcelFile -->
