<?xml version="1.0" encoding="UTF-8"?>
<!-- Generated by org.testng.reporters.JUnitReportReporter -->
<testsuite skipped="0" hostname="BHAVANA" name="com.durgasoft.selenium.Selenium_Maven.google_Links" tests="1" failures="0" timestamp="19 Jul 2018 09:06:28 GMT" time="4.390" errors="0">
  <testcase name="f" time="4.390" classname="com.durgasoft.selenium.Selenium_Maven.google_Links"/>
</testsuite> <!-- com.durgasoft.selenium.Selenium_Maven.google_Links -->
