<?xml version="1.0" encoding="UTF-8"?>
<!-- Generated by org.testng.reporters.JUnitReportReporter -->
<testsuite skipped="0" hostname="BHAVANA" name="com.durgasoft.selenium.Selenium_Maven.Bootstrap_Jquery" tests="1" failures="0" timestamp="23 Jul 2018 13:59:24 GMT" time="12.170" errors="0">
  <testcase name="f" time="12.170" classname="com.durgasoft.selenium.Selenium_Maven.Bootstrap_Jquery"/>
</testsuite> <!-- com.durgasoft.selenium.Selenium_Maven.Bootstrap_Jquery -->
