<?xml version="1.0" encoding="UTF-8"?>
<!-- Generated by org.testng.reporters.JUnitReportReporter -->
<testsuite skipped="1" hostname="BHAVANA" name="com.durgasoft.selenium.Selenium_Maven.Dropdown_Enadupellipandiri" tests="2" failures="0" timestamp="23 Jul 2018 10:47:36 GMT" time="10.370" errors="0">
  <testcase name="dropdown" time="10.370" classname="com.durgasoft.selenium.Selenium_Maven.Dropdown_Enadupellipandiri"/>
  <testcase name="bytagname" classname="com.durgasoft.selenium.Selenium_Maven.Dropdown_Enadupellipandiri">
    <skipped/>
  </testcase> <!-- bytagname -->
</testsuite> <!-- com.durgasoft.selenium.Selenium_Maven.Dropdown_Enadupellipandiri -->
