<?xml version="1.0" encoding="UTF-8"?>
<!-- Generated by org.testng.reporters.JUnitReportReporter -->
<testsuite skipped="0" hostname="BHAVANA" name="com.durgasoft.selenium.Selenium_Maven.HDFCbank_Links" tests="1" failures="0" timestamp="14 Jul 2018 13:36:13 GMT" time="89.871" errors="0">
  <testcase name="f" time="89.871" classname="com.durgasoft.selenium.Selenium_Maven.HDFCbank_Links"/>
</testsuite> <!-- com.durgasoft.selenium.Selenium_Maven.HDFCbank_Links -->
