<?xml version="1.0" encoding="UTF-8"?>
<!-- Generated by org.testng.reporters.JUnitReportReporter -->
<testsuite skipped="0" hostname="BHAVANA" name="com.durgasoft.selenium.Selenium_Maven.Jquery_Dragable" tests="1" failures="0" timestamp="25 Jul 2018 10:46:24 GMT" time="0.619" errors="0">
  <testcase name="f" time="0.619" classname="com.durgasoft.selenium.Selenium_Maven.Jquery_Dragable"/>
</testsuite> <!-- com.durgasoft.selenium.Selenium_Maven.Jquery_Dragable -->
