<?xml version="1.0" encoding="UTF-8"?>
<!-- Generated by org.testng.reporters.JUnitReportReporter -->
<testsuite skipped="0" hostname="BHAVANA" name="com.durgasoft.selenium.Selenium_Maven.checkboxes1_spicejet" tests="1" failures="0" timestamp="16 Jul 2018 19:33:11 GMT" time="0.448" errors="0">
  <testcase name="f" time="0.448" classname="com.durgasoft.selenium.Selenium_Maven.checkboxes1_spicejet"/>
</testsuite> <!-- com.durgasoft.selenium.Selenium_Maven.checkboxes1_spicejet -->
