<?xml version="1.0" encoding="UTF-8"?>
<!-- Generated by org.testng.reporters.JUnitReportReporter -->
<testsuite skipped="0" hostname="BHAVANA" name="com.durgasoft.selenium.Selenium_Maven.Jquery_DragandDrop" tests="1" failures="0" timestamp="25 Jul 2018 11:00:06 GMT" time="1.044" errors="0">
  <testcase name="f" time="1.044" classname="com.durgasoft.selenium.Selenium_Maven.Jquery_DragandDrop"/>
</testsuite> <!-- com.durgasoft.selenium.Selenium_Maven.Jquery_DragandDrop -->
