<?xml version="1.0" encoding="UTF-8"?>
<!-- Generated by org.testng.reporters.JUnitReportReporter -->
<testsuite skipped="0" hostname="BHAVANA" name="com.durgasoft.selenium.Selenium_Maven.Dropdown1" tests="1" failures="0" timestamp="27 Jun 2018 10:24:25 GMT" time="8.655" errors="0">
  <testcase name="f" time="8.655" classname="com.durgasoft.selenium.Selenium_Maven.Dropdown1"/>
</testsuite> <!-- com.durgasoft.selenium.Selenium_Maven.Dropdown1 -->
