<?xml version="1.0" encoding="UTF-8"?>
<!-- Generated by org.testng.reporters.JUnitReportReporter -->
<testsuite skipped="0" hostname="BHAVANA" name="com.durgasoft.selenium.Selenium_Maven.radiobuttons1" tests="1" failures="0" timestamp="17 Jul 2018 04:38:58 GMT" time="0.606" errors="0">
  <testcase name="f" time="0.606" classname="com.durgasoft.selenium.Selenium_Maven.radiobuttons1"/>
</testsuite> <!-- com.durgasoft.selenium.Selenium_Maven.radiobuttons1 -->
