<?xml version="1.0" encoding="UTF-8"?>
<!-- Generated by org.testng.reporters.JUnitReportReporter -->
<testsuite skipped="0" hostname="BHAVANA" name="com.durgasoft.selenium.Selenium_Maven.BootStrapRadiobutton" tests="1" failures="0" timestamp="24 Jul 2018 13:41:44 GMT" time="0.790" errors="0">
  <testcase name="f" time="0.790" classname="com.durgasoft.selenium.Selenium_Maven.BootStrapRadiobutton"/>
</testsuite> <!-- com.durgasoft.selenium.Selenium_Maven.BootStrapRadiobutton -->
