<?xml version="1.0" encoding="UTF-8"?>
<!-- Generated by org.testng.reporters.JUnitReportReporter -->
<testsuite skipped="0" hostname="BHAVANA" name="com.durgasoft.selenium.Selenium_Maven.Linktest2" tests="1" failures="0" timestamp="28 Jun 2018 17:01:02 GMT" time="63.804" errors="0">
  <testcase name="f" time="63.804" classname="com.durgasoft.selenium.Selenium_Maven.Linktest2"/>
</testsuite> <!-- com.durgasoft.selenium.Selenium_Maven.Linktest2 -->
