<?xml version="1.0" encoding="UTF-8"?>
<!-- Generated by org.testng.reporters.JUnitReportReporter -->
<testsuite skipped="0" hostname="BHAVANA" name="com.durgasoft.selenium.Selenium_Maven.Jquery_Sortable" tests="1" failures="0" timestamp="08 Aug 2018 09:45:26 GMT" time="1.147" errors="0">
  <testcase name="f" time="1.147" classname="com.durgasoft.selenium.Selenium_Maven.Jquery_Sortable"/>
</testsuite> <!-- com.durgasoft.selenium.Selenium_Maven.Jquery_Sortable -->
